<?xml version="1.0" encoding="UTF-8"?>
<!-- Generated by org.testng.reporters.JUnitReportReporter -->
<testsuite hostname="suresh-PC" name="Logintest" tests="1" failures="0" timestamp="17 Mar 2016 07:03:42 GMT" time="16.097" errors="0">
  <testcase name="adminlogintest" time="16.097" classname="Logintest"/>
</testsuite> <!-- Logintest -->
