<?xml version="1.0" encoding="UTF-8"?>
<!-- Generated by org.testng.reporters.JUnitReportReporter -->
<testsuite hostname="suresh-PC" name="GMailTest" tests="2" failures="0" timestamp="6 Apr 2016 07:53:09 GMT" time="0.000" errors="0">
  <testcase name="sendmail" time="0.000" classname="GMailTest"/>
  <testcase name="receivemail" time="0.000" classname="GMailTest"/>
</testsuite> <!-- GMailTest -->
